<?xml version="1.0" encoding="UTF-8"?>
<!-- Generated by org.testng.reporters.JUnitXMLReporter -->
<testsuite ignored="8" hostname="LTIN178073" failures="0" tests="23" name="EdgeTest" time="0.385" errors="0" timestamp="2024-02-28T18:33:26 IST">
  <testcase classname="TestBase.BaseClass" name="@BeforeTest setup" time="-1.709125405688E9">
    <failure type="org.testng.TestNGException" message="
Parameter &amp;apos;os&amp;apos; is required by BeforeTest on method setup but has not been marked @Optional or defined
in C:\Users\2304065\eclipse-workspace\Hackathon\crossbrowsing.xml">
      <![CDATA[org.testng.TestNGException: 
Parameter 'os' is required by BeforeTest on method setup but has not been marked @Optional or defined
in C:\Users\2304065\eclipse-workspace\Hackathon\crossbrowsing.xml
at java.base/java.util.concurrent.FutureTask.run(FutureTask.java:264)
at java.base/java.util.concurrent.ThreadPoolExecutor.runWorker(ThreadPoolExecutor.java:1136)
at java.base/java.util.concurrent.ThreadPoolExecutor$Worker.run(ThreadPoolExecutor.java:635)
at java.base/java.lang.Thread.run(Thread.java:833)
... Removed 12 stack frames]]>
    </failure>
  </testcase> <!-- @BeforeTest setup -->
  <testcase classname="TestBase.BaseClass" name="@AfterTest tearDown" time="-1.709125406052E9">
    <skipped/>
  </testcase> <!-- @AfterTest tearDown -->
  <testcase classname="TestCases.TC_001_HomePage" name="Click_FindDoc" time="0.0">
    <skipped/>
  </testcase> <!-- Click_FindDoc -->
  <testcase classname="TestCases.TC_002_DetailsPage" name="clear_Details" time="0.0">
    <skipped/>
  </testcase> <!-- clear_Details -->
  <testcase classname="TestCases.TC_004_SurgeriesPage" name="pageScroll" time="0.0">
    <skipped/>
  </testcase> <!-- pageScroll -->
  <testcase classname="TestCases.TC_002_DetailsPage" name="give_Specility" time="0.0">
    <skipped/>
  </testcase> <!-- give_Specility -->
  <testcase classname="TestCases.TC_003_FilterPage" name="Give_Storyfil" time="0.0">
    <skipped/>
  </testcase> <!-- Give_Storyfil -->
  <testcase classname="TestCases.TC_003_FilterPage" name="Give_Expe" time="0.0">
    <skipped/>
  </testcase> <!-- Give_Expe -->
  <testcase classname="TestCases.TC_003_FilterPage" name="allFilter_click" time="0.0">
    <skipped/>
  </testcase> <!-- allFilter_click -->
  <testcase classname="TestCases.TC_003_FilterPage" name="Select_sortby" time="0.0">
    <skipped/>
  </testcase> <!-- Select_sortby -->
  <testcase classname="TestCases.TC_003_FilterPage" name="scrollDown" time="0.0">
    <skipped/>
  </testcase> <!-- scrollDown -->
  <testcase classname="TestCases.TC_003_FilterPage" name="Print_docName" time="0.0">
    <skipped/>
  </testcase> <!-- Print_docName -->
  <testcase classname="TestCases.TC_003_FilterPage" name="Print_docExpe" time="0.0">
    <skipped/>
  </testcase> <!-- Print_docExpe -->
  <testcase classname="TestCases.TC_003_FilterPage" name="Print_DocAddress" time="0.0">
    <skipped/>
  </testcase> <!-- Print_DocAddress -->
  <testcase classname="TestCases.TC_003_FilterPage" name="Print_docFee" time="0.0">
    <skipped/>
  </testcase> <!-- Print_docFee -->
  <testcase classname="TestCases.TC_003_FilterPage" name="Click_surgeries" time="0.0">
    <skipped/>
  </testcase> <!-- Click_surgeries -->
  <testcase classname="TestCases.TC_004_SurgeriesPage" name="print_SurgriesType" time="0.0">
    <skipped/>
  </testcase> <!-- print_SurgriesType -->
  <testcase classname="TestCases.TC_004_SurgeriesPage" name="Select_HealthWellness" time="0.0">
    <skipped/>
  </testcase> <!-- Select_HealthWellness -->
  <testcase classname="TestCases.TC_005_FormPage" name="Invalid_formInput" time="0.0">
    <skipped/>
  </testcase> <!-- Invalid_formInput -->
  <testcase classname="TestCases.TC_005_FormPage" name="sizeOfOrganizationAndInterest" time="0.0">
    <skipped/>
  </testcase> <!-- sizeOfOrganizationAndInterest -->
  <testcase classname="TestCases.TC_005_FormPage" name="SubmitButton" time="0.0">
    <skipped/>
  </testcase> <!-- SubmitButton -->
  <testcase classname="TestCases.TC_005_FormPage" name="clear" time="0.0">
    <skipped/>
  </testcase> <!-- clear -->
  <testcase classname="TestCases.TC_005_FormPage" name="valid_formInput" time="0.0">
    <skipped/>
  </testcase> <!-- valid_formInput -->
  <testcase classname="TestCases.TC_005_FormPage" name="organization_size_and_Interest" time="0.0">
    <skipped/>
  </testcase> <!-- organization_size_and_Interest -->
  <testcase classname="TestCases.TC_005_FormPage" name="SubmitButton1" time="0.0">
    <skipped/>
  </testcase> <!-- SubmitButton1 -->
  <testcase classname="TestBase.BaseClass" name="@BeforeTest setup" time="0.0">
    <ignored/>
  </testcase> <!-- @BeforeTest setup -->
  <testcase classname="TestBase.BaseClass" name="@BeforeTest setup" time="0.0">
    <ignored/>
  </testcase> <!-- @BeforeTest setup -->
  <testcase classname="TestBase.BaseClass" name="@BeforeTest setup" time="0.0">
    <ignored/>
  </testcase> <!-- @BeforeTest setup -->
  <testcase classname="TestBase.BaseClass" name="@BeforeTest setup" time="0.0">
    <ignored/>
  </testcase> <!-- @BeforeTest setup -->
  <testcase classname="TestBase.BaseClass" name="@AfterTest tearDown" time="0.0">
    <ignored/>
  </testcase> <!-- @AfterTest tearDown -->
  <testcase classname="TestBase.BaseClass" name="@AfterTest tearDown" time="0.0">
    <ignored/>
  </testcase> <!-- @AfterTest tearDown -->
  <testcase classname="TestBase.BaseClass" name="@AfterTest tearDown" time="0.0">
    <ignored/>
  </testcase> <!-- @AfterTest tearDown -->
  <testcase classname="TestBase.BaseClass" name="@AfterTest tearDown" time="0.0">
    <ignored/>
  </testcase> <!-- @AfterTest tearDown -->
</testsuite> <!-- EdgeTest -->
